{
  "RSpec": {
    "coverage": {
      "/home/mrandolph83/tic-tac-toe-rb-online-web-sp-000/lib/tic_tac_toe.rb": [
        null,
        1,
        null,
        null,
        null,
        null,
        null,
        null,
        null,
        null,
        null,
        null,
        1,
        4,
        4,
        4,
        4,
        4,
        null,
        null,
        1,
        6,
        null,
        null,
        1,
        5,
        null,
        null,
        1,
        8,
        null,
        null,
        1,
        6,
        null,
        null,
        1,
        4,
        4,
        36,
        5,
        null,
        null,
        4,
        null,
        null,
        1,
        3,
        3,
        null,
        0,
        null,
        null,
        null,
        1,
        3,
        3,
        3,
        3,
        2,
        2,
        2,
        null,
        1,
        null,
        null,
        null,
        1,
        2,
        14,
        14,
        14,
        null,
        14,
        14,
        14,
        null,
        14,
        1,
        13,
        0,
        null,
        null,
        1,
        null,
        null,
        1,
        13,
        null
      ]
    },
    "timestamp": 1599579368
  }
}
